# JRE version: Java(TM) SE Runtime Environment (8.0_131-b11) (build 1.8.0_131-b11)
# Java VM: Java HotSpot(TM) 64-Bit Server VM (25.131-b11 mixed mode linux-amd64 compressed oops)
Heap:
 PSYoungGen      total 238592K, used 95973K [0x00000000f0000000, 0x0000000100000000, 0x0000000100000000)
  eden space 214528K, 38% used [0x00000000f0000000,0x00000000f50708d0,0x00000000fd180000)
  from space 24064K, 56% used [0x00000000fe880000,0x00000000ff5c8e28,0x0000000100000000)
  to   space 23552K, 0% used [0x00000000fd180000,0x00000000fd180000,0x00000000fe880000)
 ParOldGen       total 524288K, used 127805K [0x00000000d0000000, 0x00000000f0000000, 0x00000000f0000000)
  object space 524288K, 24% used [0x00000000d0000000,0x00000000d7ccf408,0x00000000f0000000)
 Metaspace       used 73029K, capacity 76244K, committed 76584K, reserved 1116160K
  class space    used 9126K, capacity 10195K, committed 10288K, reserved 1048576K
GC Heap History (10 events):
Event: 108,456 GC heap before
{Heap before GC invocations=25 (full 3):
 PSYoungGen      total 240128K, used 229326K [0x00000000f0000000, 0x0000000100000000, 0x0000000100000000)
  eden space 219136K, 100% used [0x00000000f0000000,0x00000000fd600000,0x00000000fd600000)
  from space 20992K, 48% used [0x00000000fd600000,0x00000000fdff3950,0x00000000fea80000)
  to   space 19968K, 0% used [0x00000000fec80000,0x00000000fec80000,0x0000000100000000)
 ParOldGen       total 524288K, used 102677K [0x00000000d0000000, 0x00000000f0000000, 0x00000000f0000000)
  object space 524288K, 19% used [0x00000000d0000000,0x00000000d6445788,0x00000000f0000000)
 Metaspace       used 66838K, capacity 68484K, committed 68776K, reserved 1110016K
  class space    used 8166K, capacity 8583K, committed 8624K, reserved 1048576K
Event: 108,485 GC heap after
Heap after GC invocations=25 (full 3):
 PSYoungGen      total 242176K, used 12083K [0x00000000f0000000, 0x0000000100000000, 0x0000000100000000)
  eden space 222208K, 0% used [0x00000000f0000000,0x00000000f0000000,0x00000000fd900000)
  from space 19968K, 60% used [0x00000000fec80000,0x00000000ff84cc70,0x0000000100000000)
  to   space 19968K, 0% used [0x00000000fd900000,0x00000000fd900000,0x00000000fec80000)
 ParOldGen       total 524288K, used 109690K [0x00000000d0000000, 0x00000000f0000000, 0x00000000f0000000)
  object space 524288K, 20% used [0x00000000d0000000,0x00000000d6b1e828,0x00000000f0000000)
 Metaspace       used 66838K, capacity 68484K, committed 68776K, reserved 1110016K
  class space    used 8166K, capacity 8583K, committed 8624K, reserved 1048576K
}
Event: 113,630 GC heap before
{Heap before GC invocations=26 (full 3):
 PSYoungGen      total 242176K, used 234291K [0x00000000f0000000, 0x0000000100000000, 0x0000000100000000)
  eden space 222208K, 100% used [0x00000000f0000000,0x00000000fd900000,0x00000000fd900000)
  from space 19968K, 60% used [0x00000000fec80000,0x00000000ff84cc70,0x0000000100000000)
  to   space 19968K, 0% used [0x00000000fd900000,0x00000000fd900000,0x00000000fec80000)
 ParOldGen       total 524288K, used 109690K [0x00000000d0000000, 0x00000000f0000000, 0x00000000f0000000)
  object space 524288K, 20% used [0x00000000d0000000,0x00000000d6b1e828,0x00000000f0000000)
 Metaspace       used 68815K, capacity 70840K, committed 70952K, reserved 1112064K
  class space    used 8542K, capacity 9214K, committed 9264K, reserved 1048576K
Event: 113,656 GC heap after
Heap after GC invocations=26 (full 3):
 PSYoungGen      total 241152K, used 18449K [0x00000000f0000000, 0x0000000100000000, 0x0000000100000000)
  eden space 222208K, 0% used [0x00000000f0000000,0x00000000f0000000,0x00000000fd900000)
  from space 18944K, 97% used [0x00000000fd900000,0x00000000feb04480,0x00000000feb80000)
  to   space 20992K, 0% used [0x00000000feb80000,0x00000000feb80000,0x0000000100000000)
 ParOldGen       total 524288K, used 109698K [0x00000000d0000000, 0x00000000f0000000, 0x00000000f0000000)
  object space 524288K, 20% used [0x00000000d0000000,0x00000000d6b20828,0x00000000f0000000)
 Metaspace       used 68815K, capacity 70840K, committed 70952K, reserved 1112064K
  class space    used 8542K, capacity 9214K, committed 9264K, reserved 1048576K
}
Event: 127,379 GC heap before
{Heap before GC invocations=27 (full 3):
 PSYoungGen      total 241152K, used 240657K [0x00000000f0000000, 0x0000000100000000, 0x0000000100000000)
  eden space 222208K, 100% used [0x00000000f0000000,0x00000000fd900000,0x00000000fd900000)
  from space 18944K, 97% used [0x00000000fd900000,0x00000000feb04480,0x00000000feb80000)
  to   space 20992K, 0% used [0x00000000feb80000,0x00000000feb80000,0x0000000100000000)
 ParOldGen       total 524288K, used 109698K [0x00000000d0000000, 0x00000000f0000000, 0x00000000f0000000)
  object space 524288K, 20% used [0x00000000d0000000,0x00000000d6b20828,0x00000000f0000000)
 Metaspace       used 70127K, capacity 72800K, committed 73128K, reserved 1112064K
  class space    used 8747K, capacity 9565K, committed 9648K, reserved 1048576K
Event: 127,410 GC heap after
Heap after GC invocations=27 (full 3):
 PSYoungGen      total 232960K, used 20981K [0x00000000f0000000, 0x0000000100000000, 0x0000000100000000)
  eden space 211968K, 0% used [0x00000000f0000000,0x00000000f0000000,0x00000000fcf00000)
  from space 20992K, 99% used [0x00000000feb80000,0x00000000ffffd640,0x0000000100000000)
  to   space 25088K, 0% used [0x00000000fcf00000,0x00000000fcf00000,0x00000000fe780000)
 ParOldGen       total 524288K, used 110761K [0x00000000d0000000, 0x00000000f0000000, 0x00000000f0000000)
  object space 524288K, 21% used [0x00000000d0000000,0x00000000d6c2a450,0x00000000f0000000)
 Metaspace       used 70127K, capacity 72800K, committed 73128K, reserved 1112064K
  class space    used 8747K, capacity 9565K, committed 9648K, reserved 1048576K
}
Event: 231,171 GC heap before
{Heap before GC invocations=28 (full 3):
 PSYoungGen      total 232960K, used 232949K [0x00000000f0000000, 0x0000000100000000, 0x0000000100000000)
  eden space 211968K, 100% used [0x00000000f0000000,0x00000000fcf00000,0x00000000fcf00000)
  from space 20992K, 99% used [0x00000000feb80000,0x00000000ffffd640,0x0000000100000000)
  to   space 25088K, 0% used [0x00000000fcf00000,0x00000000fcf00000,0x00000000fe780000)
 ParOldGen       total 524288K, used 110761K [0x00000000d0000000, 0x00000000f0000000, 0x00000000f0000000)
  object space 524288K, 21% used [0x00000000d0000000,0x00000000d6c2a450,0x00000000f0000000)
 Metaspace       used 71587K, capacity 74762K, committed 74920K, reserved 1114112K
  class space    used 9018K, capacity 10061K, committed 10160K, reserved 1048576K
Event: 231,218 GC heap after
Heap after GC invocations=28 (full 3):
 PSYoungGen      total 237056K, used 8962K [0x00000000f0000000, 0x0000000100000000, 0x0000000100000000)
  eden space 211968K, 0% used [0x00000000f0000000,0x00000000f0000000,0x00000000fcf00000)
  from space 25088K, 35% used [0x00000000fcf00000,0x00000000fd7c0890,0x00000000fe780000)
  to   space 24064K, 0% used [0x00000000fe880000,0x00000000fe880000,0x0000000100000000)
 ParOldGen       total 524288K, used 127805K [0x00000000d0000000, 0x00000000f0000000, 0x00000000f0000000)
  object space 524288K, 24% used [0x00000000d0000000,0x00000000d7ccf408,0x00000000f0000000)
 Metaspace       used 71587K, capacity 74762K, committed 74920K, reserved 1114112K
  class space    used 9018K, capacity 10061K, committed 10160K, reserved 1048576K
}
Event: 5161,768 GC heap before
{Heap before GC invocations=29 (full 3):
 PSYoungGen      total 237056K, used 220930K [0x00000000f0000000, 0x0000000100000000, 0x0000000100000000)
  eden space 211968K, 100% used [0x00000000f0000000,0x00000000fcf00000,0x00000000fcf00000)
  from space 25088K, 35% used [0x00000000fcf00000,0x00000000fd7c0890,0x00000000fe780000)
  to   space 24064K, 0% used [0x00000000fe880000,0x00000000fe880000,0x0000000100000000)
 ParOldGen       total 524288K, used 127805K [0x00000000d0000000, 0x00000000f0000000, 0x00000000f0000000)
  object space 524288K, 24% used [0x00000000d0000000,0x00000000d7ccf408,0x00000000f0000000)
 Metaspace       used 72068K, capacity 75280K, committed 75432K, reserved 1114112K
  class space    used 9060K, capacity 10141K, committed 10160K, reserved 1048576K
Event: 5162,448 GC heap after
Heap after GC invocations=29 (full 3):
 PSYoungGen      total 238592K, used 13603K [0x00000000f0000000, 0x0000000100000000, 0x0000000100000000)
  eden space 214528K, 0% used [0x00000000f0000000,0x00000000f0000000,0x00000000fd180000)
  from space 24064K, 56% used [0x00000000fe880000,0x00000000ff5c8e28,0x0000000100000000)
  to   space 23552K, 0% used [0x00000000fd180000,0x00000000fd180000,0x00000000fe880000)
 ParOldGen       total 524288K, used 127805K [0x00000000d0000000, 0x00000000f0000000, 0x00000000f0000000)
  object space 524288K, 24% used [0x00000000d0000000,0x00000000d7ccf408,0x00000000f0000000)
 Metaspace       used 72068K, capacity 75280K, committed 75432K, reserved 1114112K
  class space    used 9060K, capacity 10141K, committed 10160K, reserved 1048576K
}

