# JRE version: Java(TM) SE Runtime Environment (8.0_131-b11) (build 1.8.0_131-b11)
# Java VM: Java HotSpot(TM) 64-Bit Server VM (25.131-b11 mixed mode linux-amd64 compressed oops)
Heap:
 PSYoungGen      total 218112K, used 35098K [0x00000000f0000000, 0x0000000100000000, 0x0000000100000000)
  eden space 184320K, 0% used [0x00000000f0000000,0x00000000f014cef8,0x00000000fb400000)
  from space 33792K, 99% used [0x00000000fdf00000,0x00000000ffff9be0,0x0000000100000000)
  to   space 38912K, 0% used [0x00000000fb400000,0x00000000fb400000,0x00000000fda00000)
 ParOldGen       total 524288K, used 105885K [0x00000000d0000000, 0x00000000f0000000, 0x00000000f0000000)
  object space 524288K, 20% used [0x00000000d0000000,0x00000000d67677c8,0x00000000f0000000)
 Metaspace       used 72025K, capacity 75581K, committed 75800K, reserved 1114112K
  class space    used 9126K, capacity 10401K, committed 10528K, reserved 1048576K
GC Heap History (10 events):
Event: 42,163 GC heap before
{Heap before GC invocations=25 (full 3):
 PSYoungGen      total 237568K, used 237523K [0x00000000f0000000, 0x0000000100000000, 0x0000000100000000)
  eden space 216064K, 100% used [0x00000000f0000000,0x00000000fd300000,0x00000000fd300000)
  from space 21504K, 99% used [0x00000000fd300000,0x00000000fe7f4d50,0x00000000fe800000)
  to   space 24576K, 0% used [0x00000000fe800000,0x00000000fe800000,0x0000000100000000)
 ParOldGen       total 524288K, used 89998K [0x00000000d0000000, 0x00000000f0000000, 0x00000000f0000000)
  object space 524288K, 17% used [0x00000000d0000000,0x00000000d57e38a8,0x00000000f0000000)
 Metaspace       used 66461K, capacity 68241K, committed 68376K, reserved 1110016K
  class space    used 8215K, capacity 8735K, committed 8736K, reserved 1048576K
Event: 42,196 GC heap after
Heap after GC invocations=25 (full 3):
 PSYoungGen      total 229376K, used 24215K [0x00000000f0000000, 0x0000000100000000, 0x0000000100000000)
  eden space 204800K, 0% used [0x00000000f0000000,0x00000000f0000000,0x00000000fc800000)
  from space 24576K, 98% used [0x00000000fe800000,0x00000000fffa5f48,0x0000000100000000)
  to   space 28672K, 0% used [0x00000000fc800000,0x00000000fc800000,0x00000000fe400000)
 ParOldGen       total 524288K, used 89998K [0x00000000d0000000, 0x00000000f0000000, 0x00000000f0000000)
  object space 524288K, 17% used [0x00000000d0000000,0x00000000d57e38a8,0x00000000f0000000)
 Metaspace       used 66461K, capacity 68241K, committed 68376K, reserved 1110016K
  class space    used 8215K, capacity 8735K, committed 8736K, reserved 1048576K
}
Event: 43,932 GC heap before
{Heap before GC invocations=26 (full 3):
 PSYoungGen      total 229376K, used 229015K [0x00000000f0000000, 0x0000000100000000, 0x0000000100000000)
  eden space 204800K, 100% used [0x00000000f0000000,0x00000000fc800000,0x00000000fc800000)
  from space 24576K, 98% used [0x00000000fe800000,0x00000000fffa5f48,0x0000000100000000)
  to   space 28672K, 0% used [0x00000000fc800000,0x00000000fc800000,0x00000000fe400000)
 ParOldGen       total 524288K, used 89998K [0x00000000d0000000, 0x00000000f0000000, 0x00000000f0000000)
  object space 524288K, 17% used [0x00000000d0000000,0x00000000d57e38a8,0x00000000f0000000)
 Metaspace       used 67942K, capacity 70251K, committed 70296K, reserved 1110016K
  class space    used 8494K, capacity 9360K, committed 9376K, reserved 1048576K
Event: 43,974 GC heap after
Heap after GC invocations=26 (full 3):
 PSYoungGen      total 233472K, used 28665K [0x00000000f0000000, 0x0000000100000000, 0x0000000100000000)
  eden space 204800K, 0% used [0x00000000f0000000,0x00000000f0000000,0x00000000fc800000)
  from space 28672K, 99% used [0x00000000fc800000,0x00000000fe3fe500,0x00000000fe400000)
  to   space 28672K, 0% used [0x00000000fe400000,0x00000000fe400000,0x0000000100000000)
 ParOldGen       total 524288K, used 90401K [0x00000000d0000000, 0x00000000f0000000, 0x00000000f0000000)
  object space 524288K, 17% used [0x00000000d0000000,0x00000000d58485a8,0x00000000f0000000)
 Metaspace       used 67942K, capacity 70251K, committed 70296K, reserved 1110016K
  class space    used 8494K, capacity 9360K, committed 9376K, reserved 1048576K
}
Event: 47,682 GC heap before
{Heap before GC invocations=27 (full 3):
 PSYoungGen      total 233472K, used 233465K [0x00000000f0000000, 0x0000000100000000, 0x0000000100000000)
  eden space 204800K, 100% used [0x00000000f0000000,0x00000000fc800000,0x00000000fc800000)
  from space 28672K, 99% used [0x00000000fc800000,0x00000000fe3fe500,0x00000000fe400000)
  to   space 28672K, 0% used [0x00000000fe400000,0x00000000fe400000,0x0000000100000000)
 ParOldGen       total 524288K, used 90401K [0x00000000d0000000, 0x00000000f0000000, 0x00000000f0000000)
  object space 524288K, 17% used [0x00000000d0000000,0x00000000d58485a8,0x00000000f0000000)
 Metaspace       used 68834K, capacity 71653K, committed 71704K, reserved 1112064K
  class space    used 8683K, capacity 9740K, committed 9760K, reserved 1048576K
Event: 47,766 GC heap after
Heap after GC invocations=27 (full 3):
 PSYoungGen      total 225280K, used 18603K [0x00000000f0000000, 0x0000000100000000, 0x0000000100000000)
  eden space 196608K, 0% used [0x00000000f0000000,0x00000000f0000000,0x00000000fc000000)
  from space 28672K, 64% used [0x00000000fe400000,0x00000000ff62aeb0,0x0000000100000000)
  to   space 32768K, 0% used [0x00000000fc000000,0x00000000fc000000,0x00000000fe000000)
 ParOldGen       total 524288K, used 104136K [0x00000000d0000000, 0x00000000f0000000, 0x00000000f0000000)
  object space 524288K, 19% used [0x00000000d0000000,0x00000000d65b2188,0x00000000f0000000)
 Metaspace       used 68834K, capacity 71653K, committed 71704K, reserved 1112064K
  class space    used 8683K, capacity 9740K, committed 9760K, reserved 1048576K
}
Event: 52,503 GC heap before
{Heap before GC invocations=28 (full 3):
 PSYoungGen      total 225280K, used 215211K [0x00000000f0000000, 0x0000000100000000, 0x0000000100000000)
  eden space 196608K, 100% used [0x00000000f0000000,0x00000000fc000000,0x00000000fc000000)
  from space 28672K, 64% used [0x00000000fe400000,0x00000000ff62aeb0,0x0000000100000000)
  to   space 32768K, 0% used [0x00000000fc000000,0x00000000fc000000,0x00000000fe000000)
 ParOldGen       total 524288K, used 104136K [0x00000000d0000000, 0x00000000f0000000, 0x00000000f0000000)
  object space 524288K, 19% used [0x00000000d0000000,0x00000000d65b2188,0x00000000f0000000)
 Metaspace       used 69994K, capacity 73191K, committed 73368K, reserved 1112064K
  class space    used 8889K, capacity 10088K, committed 10144K, reserved 1048576K
Event: 52,534 GC heap after
Heap after GC invocations=28 (full 3):
 PSYoungGen      total 219136K, used 22250K [0x00000000f0000000, 0x0000000100000000, 0x0000000100000000)
  eden space 196608K, 0% used [0x00000000f0000000,0x00000000f0000000,0x00000000fc000000)
  from space 22528K, 98% used [0x00000000fc000000,0x00000000fd5bab68,0x00000000fd600000)
  to   space 33792K, 0% used [0x00000000fdf00000,0x00000000fdf00000,0x0000000100000000)
 ParOldGen       total 524288K, used 104144K [0x00000000d0000000, 0x00000000f0000000, 0x00000000f0000000)
  object space 524288K, 19% used [0x00000000d0000000,0x00000000d65b4188,0x00000000f0000000)
 Metaspace       used 69994K, capacity 73191K, committed 73368K, reserved 1112064K
  class space    used 8889K, capacity 10088K, committed 10144K, reserved 1048576K
}
Event: 224,754 GC heap before
{Heap before GC invocations=29 (full 3):
 PSYoungGen      total 219136K, used 218858K [0x00000000f0000000, 0x0000000100000000, 0x0000000100000000)
  eden space 196608K, 100% used [0x00000000f0000000,0x00000000fc000000,0x00000000fc000000)
  from space 22528K, 98% used [0x00000000fc000000,0x00000000fd5bab68,0x00000000fd600000)
  to   space 33792K, 0% used [0x00000000fdf00000,0x00000000fdf00000,0x0000000100000000)
 ParOldGen       total 524288K, used 104144K [0x00000000d0000000, 0x00000000f0000000, 0x00000000f0000000)
  object space 524288K, 19% used [0x00000000d0000000,0x00000000d65b4188,0x00000000f0000000)
 Metaspace       used 72011K, capacity 75545K, committed 75672K, reserved 1114112K
  class space    used 9122K, capacity 10395K, committed 10400K, reserved 1048576K
Event: 224,816 GC heap after
Heap after GC invocations=29 (full 3):
 PSYoungGen      total 218112K, used 33766K [0x00000000f0000000, 0x0000000100000000, 0x0000000100000000)
  eden space 184320K, 0% used [0x00000000f0000000,0x00000000f0000000,0x00000000fb400000)
  from space 33792K, 99% used [0x00000000fdf00000,0x00000000ffff9be0,0x0000000100000000)
  to   space 38912K, 0% used [0x00000000fb400000,0x00000000fb400000,0x00000000fda00000)
 ParOldGen       total 524288K, used 105885K [0x00000000d0000000, 0x00000000f0000000, 0x00000000f0000000)
  object space 524288K, 20% used [0x00000000d0000000,0x00000000d67677c8,0x00000000f0000000)
 Metaspace       used 72011K, capacity 75545K, committed 75672K, reserved 1114112K
  class space    used 9122K, capacity 10395K, committed 10400K, reserved 1048576K
}

