# JRE version: Java(TM) SE Runtime Environment (8.0_131-b11) (build 1.8.0_131-b11)
# Java VM: Java HotSpot(TM) 64-Bit Server VM (25.131-b11 mixed mode linux-amd64 compressed oops)
Heap:
 PSYoungGen      total 219136K, used 147862K [0x00000000f0000000, 0x0000000100000000, 0x0000000100000000)
  eden space 196608K, 64% used [0x00000000f0000000,0x00000000f7ae28b8,0x00000000fc000000)
  from space 22528K, 97% used [0x00000000fc000000,0x00000000fd5831d8,0x00000000fd600000)
  to   space 33792K, 0% used [0x00000000fdf00000,0x00000000fdf00000,0x0000000100000000)
 ParOldGen       total 524288K, used 103747K [0x00000000d0000000, 0x00000000f0000000, 0x00000000f0000000)
  object space 524288K, 19% used [0x00000000d0000000,0x00000000d6550c90,0x00000000f0000000)
 Metaspace       used 71471K, capacity 74724K, committed 75032K, reserved 1114112K
  class space    used 9068K, capacity 10164K, committed 10272K, reserved 1048576K
GC Heap History (10 events):
Event: 37,565 GC heap before
{Heap before GC invocations=24 (full 3):
 PSYoungGen      total 237568K, used 230886K [0x00000000f0000000, 0x0000000100000000, 0x0000000100000000)
  eden space 215040K, 100% used [0x00000000f0000000,0x00000000fd200000,0x00000000fd200000)
  from space 22528K, 70% used [0x00000000fea00000,0x00000000ff9799d8,0x0000000100000000)
  to   space 23552K, 0% used [0x00000000fd200000,0x00000000fd200000,0x00000000fe900000)
 ParOldGen       total 524288K, used 89960K [0x00000000d0000000, 0x00000000f0000000, 0x00000000f0000000)
  object space 524288K, 17% used [0x00000000d0000000,0x00000000d57da250,0x00000000f0000000)
 Metaspace       used 64851K, capacity 66258K, committed 66456K, reserved 1107968K
  class space    used 7929K, capacity 8256K, committed 8352K, reserved 1048576K
Event: 37,589 GC heap after
Heap after GC invocations=24 (full 3):
 PSYoungGen      total 236544K, used 21114K [0x00000000f0000000, 0x0000000100000000, 0x0000000100000000)
  eden space 215040K, 0% used [0x00000000f0000000,0x00000000f0000000,0x00000000fd200000)
  from space 21504K, 98% used [0x00000000fd200000,0x00000000fe69ea30,0x00000000fe700000)
  to   space 25600K, 0% used [0x00000000fe700000,0x00000000fe700000,0x0000000100000000)
 ParOldGen       total 524288K, used 89960K [0x00000000d0000000, 0x00000000f0000000, 0x00000000f0000000)
  object space 524288K, 17% used [0x00000000d0000000,0x00000000d57da250,0x00000000f0000000)
 Metaspace       used 64851K, capacity 66258K, committed 66456K, reserved 1107968K
  class space    used 7929K, capacity 8256K, committed 8352K, reserved 1048576K
}
Event: 38,520 GC heap before
{Heap before GC invocations=25 (full 3):
 PSYoungGen      total 236544K, used 236154K [0x00000000f0000000, 0x0000000100000000, 0x0000000100000000)
  eden space 215040K, 100% used [0x00000000f0000000,0x00000000fd200000,0x00000000fd200000)
  from space 21504K, 98% used [0x00000000fd200000,0x00000000fe69ea30,0x00000000fe700000)
  to   space 25600K, 0% used [0x00000000fe700000,0x00000000fe700000,0x0000000100000000)
 ParOldGen       total 524288K, used 89960K [0x00000000d0000000, 0x00000000f0000000, 0x00000000f0000000)
  object space 524288K, 17% used [0x00000000d0000000,0x00000000d57da250,0x00000000f0000000)
 Metaspace       used 66286K, capacity 67962K, committed 68120K, reserved 1107968K
  class space    used 8211K, capacity 8731K, committed 8736K, reserved 1048576K
Event: 38,559 GC heap after
Heap after GC invocations=25 (full 3):
 PSYoungGen      total 229376K, used 24351K [0x00000000f0000000, 0x0000000100000000, 0x0000000100000000)
  eden space 203776K, 0% used [0x00000000f0000000,0x00000000f0000000,0x00000000fc700000)
  from space 25600K, 95% used [0x00000000fe700000,0x00000000ffec7c28,0x0000000100000000)
  to   space 29184K, 0% used [0x00000000fc700000,0x00000000fc700000,0x00000000fe380000)
 ParOldGen       total 524288K, used 89960K [0x00000000d0000000, 0x00000000f0000000, 0x00000000f0000000)
  object space 524288K, 17% used [0x00000000d0000000,0x00000000d57da250,0x00000000f0000000)
 Metaspace       used 66286K, capacity 67962K, committed 68120K, reserved 1107968K
  class space    used 8211K, capacity 8731K, committed 8736K, reserved 1048576K
}
Event: 69,206 GC heap before
{Heap before GC invocations=26 (full 3):
 PSYoungGen      total 229376K, used 228127K [0x00000000f0000000, 0x0000000100000000, 0x0000000100000000)
  eden space 203776K, 100% used [0x00000000f0000000,0x00000000fc700000,0x00000000fc700000)
  from space 25600K, 95% used [0x00000000fe700000,0x00000000ffec7c28,0x0000000100000000)
  to   space 29184K, 0% used [0x00000000fc700000,0x00000000fc700000,0x00000000fe380000)
 ParOldGen       total 524288K, used 89960K [0x00000000d0000000, 0x00000000f0000000, 0x00000000f0000000)
  object space 524288K, 17% used [0x00000000d0000000,0x00000000d57da250,0x00000000f0000000)
 Metaspace       used 67925K, capacity 70288K, committed 70424K, reserved 1110016K
  class space    used 8497K, capacity 9174K, committed 9248K, reserved 1048576K
Event: 69,247 GC heap after
Heap after GC invocations=26 (full 3):
 PSYoungGen      total 232960K, used 29182K [0x00000000f0000000, 0x0000000100000000, 0x0000000100000000)
  eden space 203776K, 0% used [0x00000000f0000000,0x00000000f0000000,0x00000000fc700000)
  from space 29184K, 99% used [0x00000000fc700000,0x00000000fe37f9e0,0x00000000fe380000)
  to   space 29184K, 0% used [0x00000000fe380000,0x00000000fe380000,0x0000000100000000)
 ParOldGen       total 524288K, used 89999K [0x00000000d0000000, 0x00000000f0000000, 0x00000000f0000000)
  object space 524288K, 17% used [0x00000000d0000000,0x00000000d57e3c00,0x00000000f0000000)
 Metaspace       used 67925K, capacity 70288K, committed 70424K, reserved 1110016K
  class space    used 8497K, capacity 9174K, committed 9248K, reserved 1048576K
}
Event: 77,485 GC heap before
{Heap before GC invocations=27 (full 3):
 PSYoungGen      total 232960K, used 232958K [0x00000000f0000000, 0x0000000100000000, 0x0000000100000000)
  eden space 203776K, 100% used [0x00000000f0000000,0x00000000fc700000,0x00000000fc700000)
  from space 29184K, 99% used [0x00000000fc700000,0x00000000fe37f9e0,0x00000000fe380000)
  to   space 29184K, 0% used [0x00000000fe380000,0x00000000fe380000,0x0000000100000000)
 ParOldGen       total 524288K, used 89999K [0x00000000d0000000, 0x00000000f0000000, 0x00000000f0000000)
  object space 524288K, 17% used [0x00000000d0000000,0x00000000d57e3c00,0x00000000f0000000)
 Metaspace       used 69063K, capacity 71820K, committed 72088K, reserved 1112064K
  class space    used 8709K, capacity 9613K, committed 9632K, reserved 1048576K
Event: 77,537 GC heap after
Heap after GC invocations=27 (full 3):
 PSYoungGen      total 225792K, used 18909K [0x00000000f0000000, 0x0000000100000000, 0x0000000100000000)
  eden space 196608K, 0% used [0x00000000f0000000,0x00000000f0000000,0x00000000fc000000)
  from space 29184K, 64% used [0x00000000fe380000,0x00000000ff5f7550,0x0000000100000000)
  to   space 32768K, 0% used [0x00000000fc000000,0x00000000fc000000,0x00000000fe000000)
 ParOldGen       total 524288K, used 103739K [0x00000000d0000000, 0x00000000f0000000, 0x00000000f0000000)
  object space 524288K, 19% used [0x00000000d0000000,0x00000000d654ec90,0x00000000f0000000)
 Metaspace       used 69063K, capacity 71820K, committed 72088K, reserved 1112064K
  class space    used 8709K, capacity 9613K, committed 9632K, reserved 1048576K
}
Event: 80,651 GC heap before
{Heap before GC invocations=28 (full 3):
 PSYoungGen      total 225792K, used 215517K [0x00000000f0000000, 0x0000000100000000, 0x0000000100000000)
  eden space 196608K, 100% used [0x00000000f0000000,0x00000000fc000000,0x00000000fc000000)
  from space 29184K, 64% used [0x00000000fe380000,0x00000000ff5f7550,0x0000000100000000)
  to   space 32768K, 0% used [0x00000000fc000000,0x00000000fc000000,0x00000000fe000000)
 ParOldGen       total 524288K, used 103739K [0x00000000d0000000, 0x00000000f0000000, 0x00000000f0000000)
  object space 524288K, 19% used [0x00000000d0000000,0x00000000d654ec90,0x00000000f0000000)
 Metaspace       used 69982K, capacity 73022K, committed 73240K, reserved 1112064K
  class space    used 8898K, capacity 9920K, committed 10016K, reserved 1048576K
Event: 80,701 GC heap after
Heap after GC invocations=28 (full 3):
 PSYoungGen      total 219136K, used 22028K [0x00000000f0000000, 0x0000000100000000, 0x0000000100000000)
  eden space 196608K, 0% used [0x00000000f0000000,0x00000000f0000000,0x00000000fc000000)
  from space 22528K, 97% used [0x00000000fc000000,0x00000000fd5831d8,0x00000000fd600000)
  to   space 33792K, 0% used [0x00000000fdf00000,0x00000000fdf00000,0x0000000100000000)
 ParOldGen       total 524288K, used 103747K [0x00000000d0000000, 0x00000000f0000000, 0x00000000f0000000)
  object space 524288K, 19% used [0x00000000d0000000,0x00000000d6550c90,0x00000000f0000000)
 Metaspace       used 69982K, capacity 73022K, committed 73240K, reserved 1112064K
  class space    used 8898K, capacity 9920K, committed 10016K, reserved 1048576K
}

