# JRE version: Java(TM) SE Runtime Environment (8.0_131-b11) (build 1.8.0_131-b11)
# Java VM: Java HotSpot(TM) 64-Bit Server VM (25.131-b11 mixed mode linux-amd64 compressed oops)
Heap:
 PSYoungGen      total 204288K, used 152162K [0x00000000f0000000, 0x0000000100000000, 0x0000000100000000)
  eden space 161792K, 67% used [0x00000000f0000000,0x00000000f6b1e2f8,0x00000000f9e00000)
  from space 42496K, 99% used [0x00000000fd680000,0x00000000ffffa750,0x0000000100000000)
  to   space 50176K, 0% used [0x00000000f9e00000,0x00000000f9e00000,0x00000000fcf00000)
 ParOldGen       total 524288K, used 93238K [0x00000000d0000000, 0x00000000f0000000, 0x00000000f0000000)
  object space 524288K, 17% used [0x00000000d0000000,0x00000000d5b0da78,0x00000000f0000000)
 Metaspace       used 72517K, capacity 75934K, committed 76072K, reserved 1116160K
  class space    used 9067K, capacity 10184K, committed 10288K, reserved 1048576K
GC Heap History (10 events):
Event: 29,309 GC heap before
{Heap before GC invocations=25 (full 3):
 PSYoungGen      total 228352K, used 215069K [0x00000000f0000000, 0x0000000100000000, 0x0000000100000000)
  eden space 196608K, 100% used [0x00000000f0000000,0x00000000fc000000,0x00000000fc000000)
  from space 31744K, 58% used [0x00000000fc000000,0x00000000fd2075a0,0x00000000fdf00000)
  to   space 31744K, 0% used [0x00000000fe100000,0x00000000fe100000,0x0000000100000000)
 ParOldGen       total 524288K, used 88984K [0x00000000d0000000, 0x00000000f0000000, 0x00000000f0000000)
  object space 524288K, 16% used [0x00000000d0000000,0x00000000d56e61e0,0x00000000f0000000)
 Metaspace       used 65739K, capacity 67192K, committed 67496K, reserved 1107968K
  class space    used 7992K, capacity 8329K, committed 8368K, reserved 1048576K
Event: 29,341 GC heap after
Heap after GC invocations=25 (full 3):
 PSYoungGen      total 228352K, used 22385K [0x00000000f0000000, 0x0000000100000000, 0x0000000100000000)
  eden space 196608K, 0% used [0x00000000f0000000,0x00000000f0000000,0x00000000fc000000)
  from space 31744K, 70% used [0x00000000fe100000,0x00000000ff6dc7f8,0x0000000100000000)
  to   space 32768K, 0% used [0x00000000fc000000,0x00000000fc000000,0x00000000fe000000)
 ParOldGen       total 524288K, used 88984K [0x00000000d0000000, 0x00000000f0000000, 0x00000000f0000000)
  object space 524288K, 16% used [0x00000000d0000000,0x00000000d56e61e0,0x00000000f0000000)
 Metaspace       used 65739K, capacity 67192K, committed 67496K, reserved 1107968K
  class space    used 7992K, capacity 8329K, committed 8368K, reserved 1048576K
}
Event: 31,058 GC heap before
{Heap before GC invocations=26 (full 3):
 PSYoungGen      total 228352K, used 218993K [0x00000000f0000000, 0x0000000100000000, 0x0000000100000000)
  eden space 196608K, 100% used [0x00000000f0000000,0x00000000fc000000,0x00000000fc000000)
  from space 31744K, 70% used [0x00000000fe100000,0x00000000ff6dc7f8,0x0000000100000000)
  to   space 32768K, 0% used [0x00000000fc000000,0x00000000fc000000,0x00000000fe000000)
 ParOldGen       total 524288K, used 88984K [0x00000000d0000000, 0x00000000f0000000, 0x00000000f0000000)
  object space 524288K, 16% used [0x00000000d0000000,0x00000000d56e61e0,0x00000000f0000000)
 Metaspace       used 67478K, capacity 69452K, committed 69672K, reserved 1110016K
  class space    used 8347K, capacity 9003K, committed 9008K, reserved 1048576K
Event: 31,097 GC heap after
Heap after GC invocations=26 (full 3):
 PSYoungGen      total 223744K, used 26792K [0x00000000f0000000, 0x0000000100000000, 0x0000000100000000)
  eden space 196608K, 0% used [0x00000000f0000000,0x00000000f0000000,0x00000000fc000000)
  from space 27136K, 98% used [0x00000000fc000000,0x00000000fda2a270,0x00000000fda80000)
  to   space 35328K, 0% used [0x00000000fdd80000,0x00000000fdd80000,0x0000000100000000)
 ParOldGen       total 524288K, used 88992K [0x00000000d0000000, 0x00000000f0000000, 0x00000000f0000000)
  object space 524288K, 16% used [0x00000000d0000000,0x00000000d56e81e0,0x00000000f0000000)
 Metaspace       used 67478K, capacity 69452K, committed 69672K, reserved 1110016K
  class space    used 8347K, capacity 9003K, committed 9008K, reserved 1048576K
}
Event: 35,566 GC heap before
{Heap before GC invocations=27 (full 3):
 PSYoungGen      total 223744K, used 223400K [0x00000000f0000000, 0x0000000100000000, 0x0000000100000000)
  eden space 196608K, 100% used [0x00000000f0000000,0x00000000fc000000,0x00000000fc000000)
  from space 27136K, 98% used [0x00000000fc000000,0x00000000fda2a270,0x00000000fda80000)
  to   space 35328K, 0% used [0x00000000fdd80000,0x00000000fdd80000,0x0000000100000000)
 ParOldGen       total 524288K, used 88992K [0x00000000d0000000, 0x00000000f0000000, 0x00000000f0000000)
  object space 524288K, 16% used [0x00000000d0000000,0x00000000d56e81e0,0x00000000f0000000)
 Metaspace       used 68492K, capacity 70984K, committed 71336K, reserved 1112064K
  class space    used 8515K, capacity 9281K, committed 9392K, reserved 1048576K
Event: 35,602 GC heap after
Heap after GC invocations=27 (full 3):
 PSYoungGen      total 219648K, used 29892K [0x00000000f0000000, 0x0000000100000000, 0x0000000100000000)
  eden space 184320K, 0% used [0x00000000f0000000,0x00000000f0000000,0x00000000fb400000)
  from space 35328K, 84% used [0x00000000fdd80000,0x00000000ffab1200,0x0000000100000000)
  to   space 38912K, 0% used [0x00000000fb400000,0x00000000fb400000,0x00000000fda00000)
 ParOldGen       total 524288K, used 88992K [0x00000000d0000000, 0x00000000f0000000, 0x00000000f0000000)
  object space 524288K, 16% used [0x00000000d0000000,0x00000000d56e81e0,0x00000000f0000000)
 Metaspace       used 68492K, capacity 70984K, committed 71336K, reserved 1112064K
  class space    used 8515K, capacity 9281K, committed 9392K, reserved 1048576K
}
Event: 38,469 GC heap before
{Heap before GC invocations=28 (full 3):
 PSYoungGen      total 219648K, used 214212K [0x00000000f0000000, 0x0000000100000000, 0x0000000100000000)
  eden space 184320K, 100% used [0x00000000f0000000,0x00000000fb400000,0x00000000fb400000)
  from space 35328K, 84% used [0x00000000fdd80000,0x00000000ffab1200,0x0000000100000000)
  to   space 38912K, 0% used [0x00000000fb400000,0x00000000fb400000,0x00000000fda00000)
 ParOldGen       total 524288K, used 88992K [0x00000000d0000000, 0x00000000f0000000, 0x00000000f0000000)
  object space 524288K, 16% used [0x00000000d0000000,0x00000000d56e81e0,0x00000000f0000000)
 Metaspace       used 69694K, capacity 72608K, committed 72744K, reserved 1112064K
  class space    used 8772K, capacity 9774K, committed 9776K, reserved 1048576K
Event: 38,527 GC heap after
Heap after GC invocations=28 (full 3):
 PSYoungGen      total 218112K, used 33724K [0x00000000f0000000, 0x0000000100000000, 0x0000000100000000)
  eden space 184320K, 0% used [0x00000000f0000000,0x00000000f0000000,0x00000000fb400000)
  from space 33792K, 99% used [0x00000000fb400000,0x00000000fd4ef228,0x00000000fd500000)
  to   space 42496K, 0% used [0x00000000fd680000,0x00000000fd680000,0x0000000100000000)
 ParOldGen       total 524288K, used 89000K [0x00000000d0000000, 0x00000000f0000000, 0x00000000f0000000)
  object space 524288K, 16% used [0x00000000d0000000,0x00000000d56ea1e0,0x00000000f0000000)
 Metaspace       used 69694K, capacity 72608K, committed 72744K, reserved 1112064K
  class space    used 8772K, capacity 9774K, committed 9776K, reserved 1048576K
}
Event: 342,224 GC heap before
{Heap before GC invocations=29 (full 3):
 PSYoungGen      total 218112K, used 218044K [0x00000000f0000000, 0x0000000100000000, 0x0000000100000000)
  eden space 184320K, 100% used [0x00000000f0000000,0x00000000fb400000,0x00000000fb400000)
  from space 33792K, 99% used [0x00000000fb400000,0x00000000fd4ef228,0x00000000fd500000)
  to   space 42496K, 0% used [0x00000000fd680000,0x00000000fd680000,0x0000000100000000)
 ParOldGen       total 524288K, used 89000K [0x00000000d0000000, 0x00000000f0000000, 0x00000000f0000000)
  object space 524288K, 16% used [0x00000000d0000000,0x00000000d56ea1e0,0x00000000f0000000)
 Metaspace       used 71668K, capacity 74840K, committed 75048K, reserved 1114112K
  class space    used 8987K, capacity 10032K, committed 10032K, reserved 1048576K
Event: 342,346 GC heap after
Heap after GC invocations=29 (full 3):
 PSYoungGen      total 204288K, used 42473K [0x00000000f0000000, 0x0000000100000000, 0x0000000100000000)
  eden space 161792K, 0% used [0x00000000f0000000,0x00000000f0000000,0x00000000f9e00000)
  from space 42496K, 99% used [0x00000000fd680000,0x00000000ffffa750,0x0000000100000000)
  to   space 50176K, 0% used [0x00000000f9e00000,0x00000000f9e00000,0x00000000fcf00000)
 ParOldGen       total 524288K, used 93238K [0x00000000d0000000, 0x00000000f0000000, 0x00000000f0000000)
  object space 524288K, 17% used [0x00000000d0000000,0x00000000d5b0da78,0x00000000f0000000)
 Metaspace       used 71668K, capacity 74840K, committed 75048K, reserved 1114112K
  class space    used 8987K, capacity 10032K, committed 10032K, reserved 1048576K
}

